<?xml version="1.0" encoding="UTF-8"?>
<!-- Generated by org.testng.reporters.JUnitReportReporter -->
<testsuite hostname="Workstation" failures="0" tests="1" name="base.Test1" time="159.866" errors="0" timestamp="29 Aug 2019 18:34:51 GMT" skipped="0">
  <testcase classname="base.Test1" name="Test" time="159.866"/>
</testsuite> <!-- base.Test1 -->
