<?xml version="1.0" encoding="UTF-8"?>
<!-- Generated by org.testng.reporters.JUnitReportReporter -->
<testsuite hostname="Workstation" failures="0" tests="2" name="base.Test8" time="237.053" errors="0" timestamp="30 Aug 2019 18:13:05 GMT" skipped="0">
  <testcase classname="base.Test8" name="writingInExcel" time="21.924"/>
  <testcase classname="base.Test8" name="testApache" time="215.129"/>
</testsuite> <!-- base.Test8 -->
