<?xml version="1.0" encoding="UTF-8"?>
<!-- Generated by org.testng.reporters.JUnitReportReporter -->
<testsuite hostname="Workstation" failures="0" tests="1" name="base.Test3" time="28.098" errors="0" timestamp="29 Aug 2019 20:21:40 GMT" skipped="0">
  <testcase classname="base.Test3" name="Test" time="28.098"/>
</testsuite> <!-- base.Test3 -->
