<?xml version="1.0" encoding="UTF-8"?>
<!-- Generated by org.testng.reporters.JUnitReportReporter -->
<testsuite hostname="Workstation" failures="0" tests="1" name="base.Test5" time="8.974" errors="0" timestamp="29 Aug 2019 17:40:40 GMT" skipped="0">
  <testcase classname="base.Test5" name="Test" time="8.974"/>
</testsuite> <!-- base.Test5 -->
