<?xml version="1.0" encoding="UTF-8"?>
<!-- Generated by org.testng.reporters.JUnitReportReporter -->
<testsuite hostname="Workstation" failures="0" tests="1" name="base.Test7" time="26.394" errors="0" timestamp="30 Aug 2019 17:28:05 GMT" skipped="0">
  <testcase classname="base.Test7" name="Test" time="26.394"/>
</testsuite> <!-- base.Test7 -->
