<?xml version="1.0" encoding="UTF-8"?>
<!-- Generated by org.testng.reporters.JUnitReportReporter -->
<testsuite hostname="Workstation" failures="0" tests="1" name="base.Test6" time="18.762" errors="0" timestamp="30 Aug 2019 16:29:22 GMT" skipped="0">
  <testcase classname="base.Test6" name="Test" time="18.762"/>
</testsuite> <!-- base.Test6 -->
